01/25/2022 06:47:54 AM
avg-cpu:  %user   %nice %system %iowait  %steal   %idle
           6.61    0.00    7.61    8.98    0.00   76.79

Device:         rrqm/s   wrqm/s     r/s     w/s    rMB/s    wMB/s avgrq-sz avgqu-sz   await r_await w_await  svctm  %util
vda               0.00     0.00    0.00    0.00     0.00     0.00     0.00     0.00    0.00    0.00    0.00   0.00   0.00
vdb               0.00     0.00    3.00    0.00     0.02     0.00    16.00    12.00    0.00    0.00    0.00 333.33 100.00
vdc               0.00     0.00   74.00    0.00     4.98     0.00   137.95     2.11    1.46    1.46    0.00  13.51 100.00

01/25/2022 06:47:55 AM
avg-cpu:  %user   %nice %system %iowait  %steal   %idle
           4.90    0.00    4.71    8.67    0.06   81.66

Device:         rrqm/s   wrqm/s     r/s     w/s    rMB/s    wMB/s avgrq-sz avgqu-sz   await r_await w_await  svctm  %util
vda               0.00     0.00    0.00    0.00     0.00     0.00     0.00     0.00    0.00    0.00    0.00   0.00   0.00
vdb               0.00     0.00    2.00    3.00     0.02     0.10    48.00    12.00    0.00    0.00    0.00 200.00 100.00
vdc               0.00     0.00   54.00    0.00     5.17     0.00   196.15     2.08    1.41    1.41    0.00  18.52 100.00

01/25/2022 06:47:56 AM
avg-cpu:  %user   %nice %system %iowait  %steal   %idle
           5.52    0.00    5.08   13.43    0.00   75.96

Device:         rrqm/s   wrqm/s     r/s     w/s    rMB/s    wMB/s avgrq-sz avgqu-sz   await r_await w_await  svctm  %util
vda               0.00     6.00    0.00    2.00     0.00     0.03    32.00     0.00    2.00    0.00    2.00   2.00   0.40
vdb               0.00    18.00    9.00    1.00     0.07     0.07    29.60    12.36    1.20    0.89    4.00 100.00 100.00
vdc               0.00    22.00  100.00    1.00     5.79     0.09   119.21     2.49    1.62    1.64    0.00   9.90 100.00

01/25/2022 06:47:57 AM
avg-cpu:  %user   %nice %system %iowait  %steal   %idle
           4.38    0.00    3.76   22.60    0.06   69.19

Device:         rrqm/s   wrqm/s     r/s     w/s    rMB/s    wMB/s avgrq-sz avgqu-sz   await r_await w_await  svctm  %util
vda               0.00     0.00    0.00    0.00     0.00     0.00     0.00     0.00    0.00    0.00    0.00   0.00   0.00
vdb               0.00     0.00    1.00    0.00     0.01     0.00    16.00    13.00    0.00    0.00    0.00 1000.00 100.00
vdc               0.00     0.00   43.00    0.00     4.14     0.00   197.21     3.06    1.49    1.49    0.00  23.26 100.00

01/25/2022 06:47:58 AM
avg-cpu:  %user   %nice %system %iowait  %steal   %idle
           4.76    0.00    4.39   22.37    0.06   68.42

Device:         rrqm/s   wrqm/s     r/s     w/s    rMB/s    wMB/s avgrq-sz avgqu-sz   await r_await w_await  svctm  %util
vda               0.00     0.00    0.00    0.00     0.00     0.00     0.00     0.00    0.00    0.00    0.00   0.00   0.00
vdb               0.00     0.00    4.00    0.00     0.04     0.00    20.00    13.00    0.00    0.00    0.00 250.00 100.00
vdc               0.00     0.00    8.00    2.00     0.06     0.02    17.60     3.00    0.40    0.50    0.00 100.00 100.00

01/25/2022 06:47:59 AM
avg-cpu:  %user   %nice %system %iowait  %steal   %idle
           3.26    0.00    2.45   22.54    0.06   71.69

Device:         rrqm/s   wrqm/s     r/s     w/s    rMB/s    wMB/s avgrq-sz avgqu-sz   await r_await w_await  svctm  %util
vda               0.00     0.00    0.00    0.00     0.00     0.00     0.00     0.00    0.00    0.00    0.00   0.00   0.00
vdb               0.00     0.00    1.00    0.00     0.01     0.00    16.00    13.00    4.00    4.00    0.00 1000.00 100.00
vdc               0.00     0.00    7.00    0.00     0.06     0.00    18.29     3.00    0.00    0.00    0.00 142.86 100.00

01/25/2022 06:48:00 AM
avg-cpu:  %user   %nice %system %iowait  %steal   %idle
           3.70    0.00    3.63   30.89    0.00   61.78

Device:         rrqm/s   wrqm/s     r/s     w/s    rMB/s    wMB/s avgrq-sz avgqu-sz   await r_await w_await  svctm  %util
vda               0.00     0.00    0.00    0.00     0.00     0.00     0.00     0.00    0.00    0.00    0.00   0.00   0.00
vdb               0.00     0.00    3.00    1.00     0.04     0.09    68.00    13.01    3.00    2.67    4.00 250.00 100.00
vdc               0.00     0.00  199.00    0.00     1.69     0.00    17.37     4.85    1.13    1.13    0.00   5.03 100.00

01/25/2022 06:48:01 AM
avg-cpu:  %user   %nice %system %iowait  %steal   %idle
          14.77    0.00   13.08   15.83    0.44   55.88

Device:         rrqm/s   wrqm/s     r/s     w/s    rMB/s    wMB/s avgrq-sz avgqu-sz   await r_await w_await  svctm  %util
vda               0.00     3.00    0.00    2.00     0.00     0.02    20.00     0.00    2.00    0.00    2.00   2.00   0.40
vdb               0.00     1.00   20.00  585.00     0.27    11.68    40.48    10.95  218.16    2.80  225.52   0.99  60.00
vdc               0.00    27.00 1455.00 1224.00    19.60    10.06    22.68    18.37   15.70    9.37   23.23   0.37 100.00

01/25/2022 06:48:02 AM
avg-cpu:  %user   %nice %system %iowait  %steal   %idle
          18.45    0.00   15.78   10.25    0.68   54.84

Device:         rrqm/s   wrqm/s     r/s     w/s    rMB/s    wMB/s avgrq-sz avgqu-sz   await r_await w_await  svctm  %util
vda               0.00     0.00    0.00    7.00     0.00     0.03     8.00     0.00    0.00    0.00    0.00   0.00   0.00
vdb               0.00     0.00  103.00  282.00     0.99     5.32    33.58     0.87    2.38    1.20    2.81   1.17  45.20
vdc               0.00     0.00 1906.00  149.00    26.30     1.17    27.38     3.15    1.47    1.31    3.57   0.46  94.00

01/25/2022 06:48:03 AM
avg-cpu:  %user   %nice %system %iowait  %steal   %idle
          14.95    0.00   11.65    6.11    0.12   67.17

Device:         rrqm/s   wrqm/s     r/s     w/s    rMB/s    wMB/s avgrq-sz avgqu-sz   await r_await w_await  svctm  %util
vda               0.00     0.00    0.00    0.00     0.00     0.00     0.00     0.00    0.00    0.00    0.00   0.00   0.00
vdb               0.00     0.00   58.00  312.00     0.56     5.73    34.81     0.65    1.75    1.03    1.88   1.11  41.20
vdc               0.00    23.00  957.00  212.00    17.63     1.57    33.65     2.33    2.11    1.73    3.79   0.60  69.60

01/25/2022 06:48:04 AM
avg-cpu:  %user   %nice %system %iowait  %steal   %idle
          14.12    0.00   13.12    2.06    0.44   70.27

Device:         rrqm/s   wrqm/s     r/s     w/s    rMB/s    wMB/s avgrq-sz avgqu-sz   await r_await w_await  svctm  %util
vda               0.00     0.00    0.00    0.00     0.00     0.00     0.00     0.00    0.00    0.00    0.00   0.00   0.00
vdb               0.00     0.00   68.00  368.00     0.70     6.29    32.84     0.62    1.42    0.71    1.55   0.83  36.40
vdc               0.00     0.00  168.00  140.00     9.95     1.10    73.45     0.54    1.77    1.26    2.37   0.61  18.80